[15:36:43] [ServerMain/INFO]: [bootstrap] Running Java 21 (Java HotSpot(TM) 64-Bit Server VM 21.0.3+7-LTS-152; Oracle Corporation null) on Linux 6.10.11-amd64 (amd64)
[15:36:43] [ServerMain/INFO]: [bootstrap] Loading Paper 1.21.1-110-master@6d7a438 (2024-09-28T22:14:12Z) for Minecraft 1.21.1
[15:36:44] [ServerMain/INFO]: [PluginInitializerManager] Initializing plugins...
[15:36:45] [Paper Plugin Remapper Thread - 0/INFO]: [PluginRemapper] Remapping plugin 'plugins/Terra-bukkit-6.5.0-BETA+b7326c0ff-shaded.jar'...
[15:36:48] [Paper Plugin Remapper Thread - 0/INFO]: [PluginRemapper] Done remapping plugin 'plugins/Terra-bukkit-6.5.0-BETA+b7326c0ff-shaded.jar' in 3283ms.
[15:36:48] [ServerMain/INFO]: [PluginInitializerManager] Initialized 20 plugins
[15:36:48] [ServerMain/INFO]: [PluginInitializerManager] Bukkit plugins (20):
 - Chunky (1.4.10), ChunkyBorder (1.2.13), Essentials (2.20.1), EssentialsSpawn (2.20.1), FacilisCommon (1.0.6-SNAPSHOT), GrimAC (2.3.67), InvSeePlusPlus (0.29.4), Kryptonite (1.4.0), LuckPerms (5.4.141), Multiverse-Core (4.3.13), OpenSit (1.0.4), PauseGame (3.1.2), PlayerCrasher (3.0.1), RankSystem (1.3), TabTPS (1.3.25), Terra (6.5.0-BETA+b7326c0ff), Vanish (0.1), WorldEdit (7.3.6+6892-3d660b8), WorldGuard (7.0.12+829a4a4), packetevents (2.5.0)
[15:36:53] [ServerMain/INFO]: Environment: Environment[sessionHost=https://sessionserver.mojang.com, servicesHost=https://api.minecraftservices.com, name=PROD]
[15:36:55] [ServerMain/INFO]: Loaded 1290 recipes
[15:36:55] [ServerMain/INFO]: Loaded 1399 advancements
[15:36:55] [Server thread/INFO]: Starting minecraft server version 1.21.1
[15:36:55] [Server thread/WARN]: ****************************
[15:36:55] [Server thread/WARN]: YOU ARE RUNNING THIS SERVER AS AN ADMINISTRATIVE OR ROOT USER. THIS IS NOT ADVISED.
[15:36:55] [Server thread/WARN]: YOU ARE OPENING YOURSELF UP TO POTENTIAL RISKS WHEN DOING THIS.
[15:36:55] [Server thread/WARN]: FOR MORE INFORMATION, SEE https://madelinemiller.dev/blog/root-minecraft-server/
[15:36:55] [Server thread/WARN]: ****************************
[15:36:55] [Server thread/INFO]: Loading properties
[15:36:55] [Server thread/INFO]: This server is running Paper version 1.21.1-110-master@6d7a438 (2024-09-28T22:14:12Z) (Implementing API version 1.21.1-R0.1-SNAPSHOT)
[15:36:56] [Server thread/INFO]: [spark] This server bundles the spark profiler. For more information please visit https://docs.papermc.io/paper/profiling
[15:36:56] [Server thread/INFO]: Server Ping Player Sample Count: 12
[15:36:56] [Server thread/INFO]: Using 4 threads for Netty based IO
[15:36:57] [Server thread/INFO]: [ChunkTaskScheduler] Chunk system is using 1 I/O threads, 1 worker threads, and population gen parallelism of 1 threads
[15:36:57] [Server thread/INFO]: Default game type: SURVIVAL
[15:36:57] [Server thread/INFO]: Generating keypair
[15:36:57] [Server thread/INFO]: Starting Minecraft server on *:25565
[15:36:57] [Server thread/INFO]: Using default channel type
[15:36:57] [Server thread/INFO]: Paper: Using libdeflate (Linux x86_64) compression from Velocity.
[15:36:57] [Server thread/INFO]: Paper: Using OpenSSL 3.x.x (Linux x86_64) cipher from Velocity.
[15:36:59] [Server thread/INFO]: [SpigotLibraryLoader] [FacilisCommon] Loading 8 libraries... please wait
[15:36:59] [Server thread/INFO]: [SpigotLibraryLoader] [FacilisCommon] Loaded library /mcservers/server/libraries/net/kyori/adventure-api/4.17.0/adventure-api-4.17.0.jar
[15:36:59] [Server thread/INFO]: [SpigotLibraryLoader] [FacilisCommon] Loaded library /mcservers/server/libraries/net/kyori/adventure-key/4.17.0/adventure-key-4.17.0.jar
[15:36:59] [Server thread/INFO]: [SpigotLibraryLoader] [FacilisCommon] Loaded library /mcservers/server/libraries/net/kyori/examination-api/1.3.0/examination-api-1.3.0.jar
[15:36:59] [Server thread/INFO]: [SpigotLibraryLoader] [FacilisCommon] Loaded library /mcservers/server/libraries/net/kyori/examination-string/1.3.0/examination-string-1.3.0.jar
[15:36:59] [Server thread/INFO]: [SpigotLibraryLoader] [FacilisCommon] Loaded library /mcservers/server/libraries/org/jetbrains/annotations/24.1.0/annotations-24.1.0.jar
[15:36:59] [Server thread/INFO]: [SpigotLibraryLoader] [FacilisCommon] Loaded library /mcservers/server/libraries/net/kyori/adventure-text-minimessage/4.17.0/adventure-text-minimessage-4.17.0.jar
[15:36:59] [Server thread/INFO]: [SpigotLibraryLoader] [FacilisCommon] Loaded library /mcservers/server/libraries/net/kyori/adventure-platform-bukkit/4.3.3/adventure-platform-bukkit-4.3.3.jar
[15:36:59] [Server thread/INFO]: [SpigotLibraryLoader] [FacilisCommon] Loaded library /mcservers/server/libraries/net/kyori/adventure-platform-api/4.3.3/adventure-platform-api-4.3.3.jar
[15:36:59] [Server thread/INFO]: [SpigotLibraryLoader] [FacilisCommon] Loaded library /mcservers/server/libraries/net/kyori/adventure-text-serializer-bungeecord/4.3.3/adventure-text-serializer-bungeecord-4.3.3.jar
[15:36:59] [Server thread/INFO]: [SpigotLibraryLoader] [FacilisCommon] Loaded library /mcservers/server/libraries/net/kyori/adventure-text-serializer-legacy/4.13.1/adventure-text-serializer-legacy-4.13.1.jar
[15:36:59] [Server thread/INFO]: [SpigotLibraryLoader] [FacilisCommon] Loaded library /mcservers/server/libraries/net/kyori/adventure-nbt/4.13.1/adventure-nbt-4.13.1.jar
[15:36:59] [Server thread/INFO]: [SpigotLibraryLoader] [FacilisCommon] Loaded library /mcservers/server/libraries/net/kyori/adventure-text-serializer-gson/4.13.1/adventure-text-serializer-gson-4.13.1.jar
[15:36:59] [Server thread/INFO]: [SpigotLibraryLoader] [FacilisCommon] Loaded library /mcservers/server/libraries/net/kyori/adventure-text-serializer-gson-legacy-impl/4.13.1/adventure-text-serializer-gson-legacy-impl-4.13.1.jar
[15:36:59] [Server thread/INFO]: [SpigotLibraryLoader] [FacilisCommon] Loaded library /mcservers/server/libraries/net/kyori/adventure-platform-facet/4.3.3/adventure-platform-facet-4.3.3.jar
[15:36:59] [Server thread/INFO]: [SpigotLibraryLoader] [FacilisCommon] Loaded library /mcservers/server/libraries/net/kyori/adventure-platform-viaversion/4.3.3/adventure-platform-viaversion-4.3.3.jar
[15:36:59] [Server thread/INFO]: [SpigotLibraryLoader] [FacilisCommon] Loaded library /mcservers/server/libraries/org/apache/commons/commons-lang3/3.12.0/commons-lang3-3.12.0.jar
[15:36:59] [Server thread/INFO]: [SpigotLibraryLoader] [FacilisCommon] Loaded library /mcservers/server/libraries/commons-io/commons-io/2.10.0/commons-io-2.10.0.jar
[15:36:59] [Server thread/INFO]: [SpigotLibraryLoader] [FacilisCommon] Loaded library /mcservers/server/libraries/com/mysql/mysql-connector-j/8.0.33/mysql-connector-j-8.0.33.jar
[15:36:59] [Server thread/INFO]: [SpigotLibraryLoader] [FacilisCommon] Loaded library /mcservers/server/libraries/com/google/protobuf/protobuf-java/3.21.9/protobuf-java-3.21.9.jar
[15:36:59] [Server thread/INFO]: [SpigotLibraryLoader] [FacilisCommon] Loaded library /mcservers/server/libraries/org/mongodb/mongo-java-driver/3.12.14/mongo-java-driver-3.12.14.jar
[15:36:59] [Server thread/INFO]: [SpigotLibraryLoader] [FacilisCommon] Loaded library /mcservers/server/libraries/org/json/json/20240303/json-20240303.jar
[15:37:00] [Server thread/INFO]: [com.dfsek.terra.AbstractPlatform] Initializing Terra...
[15:37:00] [Server thread/INFO]: [com.dfsek.terra.AbstractPlatform] Loading config.yml
[15:37:00] [Server thread/INFO]: [com.dfsek.terra.AbstractPlatform] Dumping config.yml...
[15:37:00] [Server thread/INFO]: [com.dfsek.terra.config.PluginConfigImpl] Loading config values from config.yml
[15:37:00] [Server thread/INFO]: [com.dfsek.terra.AbstractPlatform] Dumping resource /mcservers/server/plugins/Terra/addons/bootstrap/Terra-api-addon-loader-0.1.0-BETA+b7326c0ff-all.jar...
[15:37:00] [Server thread/INFO]: [com.dfsek.terra.AbstractPlatform] Dumping resource /mcservers/server/plugins/Terra/addons/bootstrap/Terra-manifest-addon-loader-1.0.0-BETA+b7326c0ff-all.jar...
[15:37:00] [Server thread/INFO]: [com.dfsek.terra.AbstractPlatform] Dumping resource /mcservers/server/plugins/Terra/addons/Terra-biome-provider-extrusion-1.0.0-BETA+b7326c0ff-all.jar...
[15:37:00] [Server thread/INFO]: [com.dfsek.terra.AbstractPlatform] Dumping resource /mcservers/server/plugins/Terra/addons/Terra-biome-provider-image-1.0.1-BETA+b7326c0ff-all.jar...
[15:37:00] [Server thread/INFO]: [com.dfsek.terra.AbstractPlatform] Dumping resource /mcservers/server/plugins/Terra/addons/Terra-biome-provider-image-v2-1.0.1-BETA+b7326c0ff-all.jar...
[15:37:00] [Server thread/INFO]: [com.dfsek.terra.AbstractPlatform] Dumping resource /mcservers/server/plugins/Terra/addons/Terra-biome-provider-pipeline-1.0.2-BETA+b7326c0ff-all.jar...
[15:37:00] [Server thread/INFO]: [com.dfsek.terra.AbstractPlatform] Dumping resource /mcservers/server/plugins/Terra/addons/Terra-biome-provider-pipeline-v2-1.0.1-BETA+b7326c0ff-all.jar...
[15:37:00] [Server thread/INFO]: [com.dfsek.terra.AbstractPlatform] Dumping resource /mcservers/server/plugins/Terra/addons/Terra-biome-provider-single-1.0.0-BETA+b7326c0ff-all.jar...
[15:37:00] [Server thread/INFO]: [com.dfsek.terra.AbstractPlatform] Dumping resource /mcservers/server/plugins/Terra/addons/Terra-biome-query-api-1.0.0-BETA+b7326c0ff-all.jar...
[15:37:00] [Server thread/INFO]: [com.dfsek.terra.AbstractPlatform] Dumping resource /mcservers/server/plugins/Terra/addons/Terra-chunk-generator-noise-3d-1.2.1-BETA+b7326c0ff-all.jar...
[15:37:00] [Server thread/INFO]: [com.dfsek.terra.AbstractPlatform] Dumping resource /mcservers/server/plugins/Terra/addons/Terra-command-addons-1.0.0-BETA+b7326c0ff-all.jar...
[15:37:00] [Server thread/INFO]: [com.dfsek.terra.AbstractPlatform] Dumping resource /mcservers/server/plugins/Terra/addons/Terra-command-packs-1.0.0-BETA+b7326c0ff-all.jar...
[15:37:00] [Server thread/INFO]: [com.dfsek.terra.AbstractPlatform] Dumping resource /mcservers/server/plugins/Terra/addons/Terra-command-profiler-1.0.0-BETA+b7326c0ff-all.jar...
[15:37:00] [Server thread/INFO]: [com.dfsek.terra.AbstractPlatform] Dumping resource /mcservers/server/plugins/Terra/addons/Terra-command-structures-1.0.0-BETA+b7326c0ff-all.jar...
[15:37:00] [Server thread/INFO]: [com.dfsek.terra.AbstractPlatform] Dumping resource /mcservers/server/plugins/Terra/addons/Terra-config-biome-1.0.0-BETA+b7326c0ff-all.jar...
[15:37:00] [Server thread/INFO]: [com.dfsek.terra.AbstractPlatform] Dumping resource /mcservers/server/plugins/Terra/addons/Terra-config-distributors-1.0.1-BETA+b7326c0ff-all.jar...
[15:37:00] [Server thread/INFO]: [com.dfsek.terra.AbstractPlatform] Dumping resource /mcservers/server/plugins/Terra/addons/Terra-config-feature-1.0.0-BETA+b7326c0ff-all.jar...
[15:37:00] [Server thread/INFO]: [com.dfsek.terra.AbstractPlatform] Dumping resource /mcservers/server/plugins/Terra/addons/Terra-config-flora-1.0.1-BETA+b7326c0ff-all.jar...
[15:37:00] [Server thread/INFO]: [com.dfsek.terra.AbstractPlatform] Dumping resource /mcservers/server/plugins/Terra/addons/Terra-config-locators-1.1.1-BETA+b7326c0ff-all.jar...
[15:37:00] [Server thread/INFO]: [com.dfsek.terra.AbstractPlatform] Dumping resource /mcservers/server/plugins/Terra/addons/Terra-config-noise-function-1.2.0-BETA+b7326c0ff-all.jar...
[15:37:00] [Server thread/INFO]: [com.dfsek.terra.AbstractPlatform] Dumping resource /mcservers/server/plugins/Terra/addons/Terra-config-number-predicate-1.0.0-BETA+b7326c0ff-all.jar...
[15:37:00] [Server thread/INFO]: [com.dfsek.terra.AbstractPlatform] Dumping resource /mcservers/server/plugins/Terra/addons/Terra-config-ore-1.1.1-BETA+b7326c0ff-all.jar...
[15:37:00] [Server thread/INFO]: [com.dfsek.terra.AbstractPlatform] Dumping resource /mcservers/server/plugins/Terra/addons/Terra-config-palette-1.0.0-BETA+b7326c0ff-all.jar...
[15:37:00] [Server thread/INFO]: [com.dfsek.terra.AbstractPlatform] Dumping resource /mcservers/server/plugins/Terra/addons/Terra-config-structure-1.0.1-BETA+b7326c0ff-all.jar...
[15:37:00] [Server thread/INFO]: [com.dfsek.terra.AbstractPlatform] Dumping resource /mcservers/server/plugins/Terra/addons/Terra-generation-stage-feature-1.1.0-BETA+b7326c0ff-all.jar...
[15:37:00] [Server thread/INFO]: [com.dfsek.terra.AbstractPlatform] Dumping resource /mcservers/server/plugins/Terra/addons/Terra-generation-stage-structure-1.0.0-BETA+b7326c0ff-all.jar...
[15:37:00] [Server thread/INFO]: [com.dfsek.terra.AbstractPlatform] Dumping resource /mcservers/server/plugins/Terra/addons/Terra-language-yaml-1.0.0-BETA+b7326c0ff-all.jar...
[15:37:00] [Server thread/INFO]: [com.dfsek.terra.AbstractPlatform] Dumping resource /mcservers/server/plugins/Terra/addons/Terra-library-image-1.1.0-BETA+b7326c0ff-all.jar...
[15:37:00] [Server thread/INFO]: [com.dfsek.terra.AbstractPlatform] Dumping resource /mcservers/server/plugins/Terra/addons/Terra-locator-slant-noise-3d-1.0.0-BETA+b7326c0ff-all.jar...
[15:37:00] [Server thread/INFO]: [com.dfsek.terra.AbstractPlatform] Dumping resource /mcservers/server/plugins/Terra/addons/Terra-palette-block-shortcut-1.0.0-BETA+b7326c0ff-all.jar...
[15:37:00] [Server thread/INFO]: [com.dfsek.terra.AbstractPlatform] Dumping resource /mcservers/server/plugins/Terra/addons/Terra-pipeline-image-1.0.0-BETA+b7326c0ff-all.jar...
[15:37:00] [Server thread/INFO]: [com.dfsek.terra.AbstractPlatform] Dumping resource /mcservers/server/plugins/Terra/addons/Terra-structure-block-shortcut-1.0.0-BETA+b7326c0ff-all.jar...
[15:37:00] [Server thread/INFO]: [com.dfsek.terra.AbstractPlatform] Dumping resource /mcservers/server/plugins/Terra/addons/Terra-structure-mutator-0.1.0-BETA+b7326c0ff-all.jar...
[15:37:00] [Server thread/INFO]: [com.dfsek.terra.AbstractPlatform] Dumping resource /mcservers/server/plugins/Terra/addons/Terra-structure-sponge-loader-1.0.0-BETA+b7326c0ff-all.jar...
[15:37:00] [Server thread/INFO]: [com.dfsek.terra.AbstractPlatform] Dumping resource /mcservers/server/plugins/Terra/addons/Terra-structure-terrascript-loader-1.2.0-BETA+b7326c0ff-all.jar...
[15:37:00] [Server thread/INFO]: [com.dfsek.terra.AbstractPlatform] Dumping resource /mcservers/server/plugins/Terra/addons/Terra-terrascript-function-check-noise-3d-1.0.1-BETA+b7326c0ff-all.jar...
[15:37:00] [Server thread/INFO]: [com.dfsek.terra.AbstractPlatform] Dumping resource /mcservers/server/plugins/Terra/addons/Terra-terrascript-function-sampler-1.0.0-BETA+b7326c0ff-all.jar...
[15:37:00] [Server thread/INFO]: [com.dfsek.terra.AbstractPlatform] Dumping resource /mcservers/server/plugins/Terra/packs/default.zip...
[15:37:01] [Server thread/INFO]: [com.dfsek.terra.AbstractPlatform] Loading 37 Terra addons:
        - biome-provider-extrusion@1.0.0-BETA+b7326c0ff
        - biome-provider-image@1.0.1-BETA+b7326c0ff
        - biome-provider-image-v2@1.0.1-BETA+b7326c0ff
        - biome-provider-pipeline@1.0.2-BETA+b7326c0ff
        - biome-provider-pipeline-v2@1.0.1-BETA+b7326c0ff
        - biome-provider-single@1.0.0-BETA+b7326c0ff
        - biome-query-api@1.0.0-BETA+b7326c0ff
        - chunk-generator-noise-3d@1.2.1-BETA+b7326c0ff
        - command-addons@1.0.0-BETA+b7326c0ff
        - command-packs@1.0.0-BETA+b7326c0ff
        - command-profiler@1.0.0-BETA+b7326c0ff
        - command-structures@1.0.0-BETA+b7326c0ff
        - config-biome@1.0.0-BETA+b7326c0ff
        - config-distributors@1.0.1-BETA+b7326c0ff
        - config-feature@1.0.0-BETA+b7326c0ff
        - config-flora@1.0.1-BETA+b7326c0ff
        - config-locators@1.1.1-BETA+b7326c0ff
        - config-noise-function@1.2.0-BETA+b7326c0ff
        - config-number-predicate@1.0.0-BETA+b7326c0ff
        - config-ore@1.1.1-BETA+b7326c0ff
        - config-palette@1.0.0-BETA+b7326c0ff
        - config-structure@1.0.1-BETA+b7326c0ff
        - generation-stage-feature@1.1.0-BETA+b7326c0ff
        - generation-stage-structure@1.0.0-BETA+b7326c0ff
        - language-yaml@1.0.0-BETA+b7326c0ff
        - library-image@1.1.0-BETA+b7326c0ff
        - locator-slant-noise-3d@1.0.0-BETA+b7326c0ff
        - palette-block-shortcut@1.0.0-BETA+b7326c0ff
        - pipeline-image@1.0.0-BETA+b7326c0ff
        - structure-block-shortcut@1.0.0-BETA+b7326c0ff
        - structure-function-check-noise-3d@1.0.1-BETA+b7326c0ff
        - structure-mutator@0.1.0-BETA+b7326c0ff
        - structure-sponge-loader@1.0.0-BETA+b7326c0ff
        - structure-terrascript-loader@1.2.0-BETA+b7326c0ff
        - terra@1.0.0
        - terra-bukkit@1.0.0
        - terrascript-function-sampler@1.0.0-BETA+b7326c0ff
[15:37:01] [Server thread/INFO]: [com.dfsek.terra.AbstractPlatform] Terra addons successfully loaded.
[15:37:01] [Server thread/INFO]: [com.dfsek.terra.AbstractPlatform] Finished initialization.
[15:37:01] [Server thread/INFO]: [LuckPerms] Loading server plugin LuckPerms v5.4.141
[15:37:01] [Server thread/INFO]: [TabTPS] Loading server plugin TabTPS v1.3.25
[15:37:01] [Server thread/INFO]: [WorldEdit] Loading server plugin WorldEdit v7.3.6+6892-3d660b8
[15:37:03] [Server thread/INFO]: Got request to register class com.sk89q.worldedit.bukkit.BukkitServerInterface with WorldEdit [com.sk89q.worldedit.extension.platform.PlatformManager@3a748438]
[15:37:04] [Server thread/INFO]: [Essentials] Loading server plugin Essentials v2.20.1
[15:37:04] [Server thread/INFO]: [Chunky] Loading server plugin Chunky v1.4.10
[15:37:04] [Server thread/INFO]: [packetevents] Loading server plugin packetevents v2.5.0
[15:37:07] [Server thread/INFO]: [OpenSit] Loading server plugin OpenSit v1.0.4
[15:37:07] [Server thread/INFO]: [InvSee++] Loading server plugin InvSeePlusPlus v0.29.4
[15:37:07] [Server thread/INFO]: [WorldGuard] Loading server plugin WorldGuard v7.0.12+829a4a4
[15:37:07] [Server thread/INFO]: [RankSystem] Loading server plugin RankSystem v1.3
[15:37:07] [Server thread/INFO]: [EssentialsSpawn] Loading server plugin EssentialsSpawn v2.20.1
[15:37:07] [Server thread/INFO]: [Kryptonite] Loading server plugin Kryptonite v1.4.0
[15:37:07] [Server thread/INFO]: [ChunkyBorder] Loading server plugin ChunkyBorder v1.2.13
[15:37:07] [Server thread/INFO]: [GrimAC] Loading server plugin GrimAC v2.3.67
[15:37:07] [Server thread/INFO]: [GrimAC] Loading PacketEvents...
[15:37:10] [Server thread/INFO]: [PlayerCrasher] Loading server plugin PlayerCrasher v3.0.1
[15:37:10] [Server thread/INFO]: [Vanish] Loading server plugin Vanish v0.1
[15:37:10] [Server thread/INFO]: [FacilisCommon] Loading server plugin FacilisCommon v1.0.6-SNAPSHOT
[15:37:10] [Server thread/INFO]: [Terra] Loading server plugin Terra v6.5.0-BETA+b7326c0ff
[15:37:10] [Server thread/INFO]: [Multiverse-Core] Loading server plugin Multiverse-Core v4.3.13
[15:37:11] [Server thread/INFO]: [PauseGame] Loading server plugin PauseGame v3.1.2
[15:37:11] [Server thread/INFO]: Server permissions file permissions.yml is empty, ignoring it
[15:37:11] [Server thread/INFO]: [LuckPerms] Enabling LuckPerms v5.4.141
[15:37:11] [Server thread/INFO]:         __    
[15:37:11] [Server thread/INFO]:   |    |__)   LuckPerms v5.4.141
[15:37:11] [Server thread/INFO]:   |___ |      Running on Bukkit - Paper
[15:37:11] [Server thread/INFO]: 
[15:37:11] [Server thread/INFO]: [LuckPerms] Loading configuration...
[15:37:11] [Server thread/INFO]: [LuckPerms] Loading storage provider... [H2]
[15:37:12] [Server thread/INFO]: [LuckPerms] Loading internal permission managers...
[15:37:12] [Server thread/INFO]: [LuckPerms] Performing initial data load...
[15:37:12] [Server thread/INFO]: [LuckPerms] Successfully enabled. (took 1861ms)
[15:37:12] [Server thread/INFO]: [WorldEdit] Enabling WorldEdit v7.3.6+6892-3d660b8
[15:37:12] [Server thread/INFO]: Registering commands with com.sk89q.worldedit.bukkit.BukkitServerInterface
[15:37:13] [Server thread/INFO]: WEPIF: Using the Bukkit Permissions API.
[15:37:13] [Server thread/INFO]: Using com.sk89q.worldedit.bukkit.adapter.impl.v1_21.PaperweightAdapter as the Bukkit adapter
[15:37:15] [Server thread/INFO]: [OpenSit] Enabling OpenSit v1.0.4
[15:37:15] [Server thread/INFO]: [Terra] Enabling Terra v6.5.0-BETA+b7326c0ff
[15:37:15] [Server thread/INFO]: [com.dfsek.terra.bukkit.TerraBukkitPlugin] Running on Minecraft version v1.21.1 with server implementation Paper.
[15:37:15] [Server thread/INFO]: [com.dfsek.terra.AbstractPlatform] Loading config packs...
[15:37:15] [Server thread/INFO]: [com.dfsek.terra.registry.master.ConfigRegistry] Loading ZIP archive: default.zip
[15:37:17] [Server thread/INFO]: [com.dfsek.terra.config.pack.ConfigPackImpl] Loading config pack "OVERWORLD:OVERWORLD"
[15:37:19] [Server thread/INFO]: [com.dfsek.terra.config.pack.ConfigPackImpl] Loaded config pack "OVERWORLD:OVERWORLD" v1.3.4 by Astrash, Sancires, Aureus in 3490.301394ms.
[15:37:19] [Server thread/INFO]: [com.dfsek.terra.AbstractPlatform] Loaded packs.
[15:37:19] [Server thread/INFO]: [com.dfsek.terra.bukkit.nms.v1_21.AwfulBukkitHacks] Hacking biome registry...
[15:37:19] [Server thread/INFO]: [com.dfsek.terra.bukkit.nms.v1_21.AwfulBukkitHacks] Doing tag garbage....
[15:37:20] [Server thread/INFO]: Preparing level "world"
[15:37:21] [Server thread/INFO]: Preparing start region for dimension minecraft:overworld
[15:37:22] [Server thread/INFO]: Time elapsed: 1257 ms
[15:37:22] [Server thread/INFO]: Preparing start region for dimension minecraft:the_nether
[15:37:23] [Server thread/INFO]: Time elapsed: 261 ms
[15:37:23] [Server thread/INFO]: Preparing start region for dimension minecraft:the_end
[15:37:23] [Server thread/INFO]: Time elapsed: 94 ms
[15:37:23] [Server thread/INFO]: [TabTPS] Enabling TabTPS v1.3.25
[15:37:25] [Server thread/INFO]: [Essentials] Enabling Essentials v2.20.1
[15:37:25] [Server thread/ERROR]: [Essentials] You are running an unsupported server version!
[15:37:25] [Server thread/INFO]: [Essentials] Attempting to convert old kits in config.yml to new kits.yml
[15:37:25] [Server thread/INFO]: [Essentials] No kits found to migrate.
[15:37:26] [Server thread/INFO]: [Essentials] Loaded 39094 items from items.json.
[15:37:26] [Server thread/WARN]: [Essentials] No aliases found in custom_items.yml.
[15:37:26] [Server thread/INFO]: [Essentials] Using locale de_CH
[15:37:26] [Server thread/INFO]: [Essentials] ServerListPingEvent: Spigot iterator API
[15:37:26] [Server thread/INFO]: [Essentials] Starting Metrics. Opt-out using the global bStats config.
[15:37:26] [Server thread/WARN]: [Essentials] Detected supported permissions plugin LuckPerms without Vault installed.
[15:37:26] [Server thread/WARN]: [Essentials] Features such as chat prefixes/suffixes and group-related functionality will not work until you install Vault.
[15:37:26] [Server thread/INFO]: [Essentials] Using superperms-based permissions.
[15:37:26] [Server thread/INFO]: [Chunky] Enabling Chunky v1.4.10
[15:37:26] [Server thread/INFO]: [packetevents] Enabling packetevents v2.5.0
[15:37:26] [packetevents-update-check-thread/INFO]: [packetevents] Checking for updates, please wait...
[15:37:26] [Server thread/INFO]: [InvSee++] Enabling InvSeePlusPlus v0.29.4
[15:37:27] [packetevents-update-check-thread/INFO]: [packetevents] You are running the latest release of PacketEvents. Your build: (2.5.0)
[15:37:27] [Server thread/INFO]: [WorldGuard] Enabling WorldGuard v7.0.12+829a4a4
[15:37:27] [Server thread/INFO]: [WorldGuard] (world) TNT ignition is PERMITTED.
[15:37:27] [Server thread/INFO]: [WorldGuard] (world) Lighters are PERMITTED.
[15:37:27] [Server thread/INFO]: [WorldGuard] (world) Lava fire is PERMITTED.
[15:37:27] [Server thread/INFO]: [WorldGuard] (world) Fire spread is UNRESTRICTED.
[15:37:27] [Server thread/INFO]: [WorldGuard] Loaded configuration for world 'world'
[15:37:27] [Server thread/INFO]: [WorldGuard] (world_nether) TNT ignition is PERMITTED.
[15:37:27] [Server thread/INFO]: [WorldGuard] (world_nether) Lighters are PERMITTED.
[15:37:27] [Server thread/INFO]: [WorldGuard] (world_nether) Lava fire is PERMITTED.
[15:37:27] [Server thread/INFO]: [WorldGuard] (world_nether) Fire spread is UNRESTRICTED.
[15:37:27] [Server thread/INFO]: [WorldGuard] Loaded configuration for world 'world_nether'
[15:37:27] [Server thread/INFO]: [WorldGuard] (world_the_end) TNT ignition is PERMITTED.
[15:37:27] [Server thread/INFO]: [WorldGuard] (world_the_end) Lighters are PERMITTED.
[15:37:27] [Server thread/INFO]: [WorldGuard] (world_the_end) Lava fire is PERMITTED.
[15:37:27] [Server thread/INFO]: [WorldGuard] (world_the_end) Fire spread is UNRESTRICTED.
[15:37:27] [Server thread/INFO]: [WorldGuard] Loaded configuration for world 'world_the_end'
[15:37:27] [Server thread/INFO]: [WorldGuard] Loading region data...
[15:37:28] [Server thread/INFO]: [RankSystem] Enabling RankSystem v1.3
[15:37:28] [Server thread/INFO]: 

[RankSystem] Plugin has been enabled!
[15:37:28] [Server thread/INFO]: [EssentialsSpawn] Enabling EssentialsSpawn v2.20.1
[15:37:28] [Server thread/INFO]: [EssentialsSpawn] Starting Metrics. Opt-out using the global bStats config.
[15:37:28] [Server thread/INFO]: [Kryptonite] Enabling Kryptonite v1.4.0
[15:37:28] [Server thread/INFO]: [Kryptonite] 
[15:37:28] [Server thread/INFO]: [Kryptonite] █▄▀ █▀█ █▄█ █▀█ ▀█▀ █▀█ █▄ █ █ ▀█▀ █▀▀
[15:37:28] [Server thread/INFO]: [Kryptonite] █ █ █▀▄  █  █▀▀  █  █▄█ █ ▀█ █  █  ██▄
[15:37:28] [Server thread/INFO]: [Kryptonite] 
[15:37:28] [Server thread/INFO]: [Kryptonite] Running Kryptonite version 1.4.0.
[15:37:28] [Server thread/INFO]: [Kryptonite] Please report any issues with Kryptonite to our GitHub repository: https://github.com/lewmc/kryptonite/issues
[15:37:28] [Server thread/INFO]: [Kryptonite] 
[15:37:28] [Server thread/INFO]: [Kryptonite] Beginning startup...
[15:37:28] [Server thread/INFO]: [Kryptonite] 
[15:37:28] [Server thread/INFO]: [Kryptonite] You are running the latest version of Kryptonite.
[15:37:28] [Server thread/INFO]: [Kryptonite] 
[15:37:28] [Server thread/WARN]: [Kryptonite] Unable to update YouHaveTrouble profile: java.lang.NullPointerException
[15:37:28] [Server thread/WARN]: [Kryptonite] Unable to update FarmFriendly profile: java.lang.NullPointerException
[15:37:28] [Server thread/INFO]: [Kryptonite] Running server jar: Paper version 1.21.1-R0.1-SNAPSHOT
[15:37:28] [Server thread/INFO]: [Kryptonite] Supported configurations loaded: Server Properties, Bukkit, Spigot, Paper (World Defaults), Paper (Global).
[15:37:28] [Server thread/INFO]: [Kryptonite] 
[15:37:28] [Server thread/INFO]: [Kryptonite] Startup completed.
[15:37:28] [Server thread/INFO]: [ChunkyBorder] Enabling ChunkyBorder v1.2.13
[15:37:28] [Server thread/INFO]: [GrimAC] Enabling GrimAC v2.3.67
[15:37:28] [Server thread/INFO]: [GrimAC] Registering singular bukkit event... (PistonEvent)
[15:37:28] [Server thread/INFO]: [GrimAC] Registering packets...
[15:37:28] [Server thread/INFO]: [GrimAC] Registering tick schedulers...
[15:37:29] [Server thread/INFO]: [GrimAC] [ACF] Enabled Asynchronous Tab Completion Support!
[15:37:29] [Server thread/INFO]: [PlayerCrasher] Enabling PlayerCrasher v3.0.1
[15:37:29] [Server thread/INFO]: [Vanish] Enabling Vanish v0.1
[15:37:29] [Server thread/INFO]: [FacilisCommon] Enabling FacilisCommon v1.0.6-SNAPSHOT
[15:37:29] [Server thread/INFO]: [FacilisCommon] Server Version: 1.21.1
[15:37:29] [Server thread/INFO]: [FacilisCommon] Server Software: Paper
[15:37:29] [Server thread/INFO]: [Multiverse-Core] Enabling Multiverse-Core v4.3.13
[15:37:29] [Server thread/WARN]: [Multiverse-Core] "Multiverse-Core v4.3.13" has registered a listener for org.bukkit.event.entity.EntityCreatePortalEvent on method "public void com.onarandombox.MultiverseCore.listeners.MVPortalListener.entityPortalCreate(org.bukkit.event.entity.EntityCreatePortalEvent)", but the event is Deprecated. "Server performance will be affected"; please notify the authors [dumptruckman, Rigby, fernferret, lithium3141, main--].
[15:37:29] [Server thread/INFO]: [Multiverse-Core] §aWe are aware of the warning about the deprecated event. There is no alternative that allows us to do what we need to do and performance impact is negligible. It is safe to ignore.
[15:37:29] [Server thread/WARN]: [Multiverse-Core] WorldManager: Can't load this world because the folder was deleted/moved: terra
[15:37:29] [Server thread/WARN]: [Multiverse-Core] Use '/mv remove' to remove it from the config!
[15:37:29] [Server thread/WARN]: [Multiverse-Core] WorldManager: Can't load this world because the folder was deleted/moved: terra_nether
[15:37:29] [Server thread/WARN]: [Multiverse-Core] Use '/mv remove' to remove it from the config!
[15:37:29] [Server thread/WARN]: [Multiverse-Core] WorldManager: Can't load this world because the folder was deleted/moved: terra_the_end
[15:37:29] [Server thread/WARN]: [Multiverse-Core] Use '/mv remove' to remove it from the config!
[15:37:29] [Server thread/INFO]: [Multiverse-Core] 3 - World(s) loaded.
[15:37:29] [Server thread/INFO]: [Multiverse-Core] Version 4.3.13 (API v24) Enabled - By dumptruckman, Rigby, fernferret, lithium3141 and main--
[15:37:29] [Server thread/INFO]: [PauseGame] Enabling PauseGame v3.1.2
[15:37:29] [Server thread/INFO]: [PauseGame] PauseGame Initialized
[15:37:30] [Server thread/INFO]: [spark] Starting background profiler...
[15:37:30] [Server thread/INFO]: [PauseGame] Pausing game...
[15:37:30] [Server thread/INFO]: Done preparing level "world" (9.881s)
[15:37:30] [Server thread/INFO]: Running delayed init tasks
[15:37:30] [Server thread/INFO]: Done (47.922s)! For help, type "help"
[15:37:30] [Server thread/INFO]: Timings Reset
[15:37:30] [Craft Scheduler Thread - 5 - Essentials/INFO]: [Essentials] Fetching version information...
[15:39:39] [Server thread/INFO]: Stopping the server
[15:39:39] [Server thread/WARN]: java.lang.Throwable: Server stopped
[15:39:39] [Server thread/WARN]: 	at io.papermc.paper.util.TraceUtil.dumpTraceForThread(TraceUtil.java:16)
[15:39:39] [Server thread/WARN]: 	at net.minecraft.server.MinecraftServer.safeShutdown(MinecraftServer.java:1140)
[15:39:39] [Server thread/WARN]: 	at net.minecraft.server.MinecraftServer.halt(MinecraftServer.java:1135)
[15:39:39] [Server thread/WARN]: 	at net.minecraft.server.commands.StopCommand.lambda$register$2(StopCommand.java:12)
[15:39:39] [Server thread/WARN]: 	at com.mojang.brigadier.context.ContextChain.runExecutable(ContextChain.java:73)
[15:39:39] [Server thread/WARN]: 	at net.minecraft.commands.execution.tasks.ExecuteCommand.execute(ExecuteCommand.java:31)
[15:39:39] [Server thread/WARN]: 	at net.minecraft.commands.execution.tasks.ExecuteCommand.execute(ExecuteCommand.java:19)
[15:39:39] [Server thread/WARN]: 	at net.minecraft.commands.execution.UnboundEntryAction.lambda$bind$0(UnboundEntryAction.java:8)
[15:39:39] [Server thread/WARN]: 	at net.minecraft.commands.execution.CommandQueueEntry.execute(CommandQueueEntry.java:5)
[15:39:39] [Server thread/WARN]: 	at net.minecraft.commands.execution.ExecutionContext.runCommandQueue(ExecutionContext.java:103)
[15:39:39] [Server thread/WARN]: 	at net.minecraft.commands.Commands.executeCommandInContext(Commands.java:443)
[15:39:39] [Server thread/WARN]: 	at net.minecraft.commands.Commands.performCommand(Commands.java:350)
[15:39:39] [Server thread/WARN]: 	at net.minecraft.commands.Commands.performCommand(Commands.java:337)
[15:39:39] [Server thread/WARN]: 	at net.minecraft.commands.Commands.performPrefixedCommand(Commands.java:327)
[15:39:39] [Server thread/WARN]: 	at org.bukkit.craftbukkit.command.VanillaCommandWrapper.execute(VanillaCommandWrapper.java:55)
[15:39:39] [Server thread/WARN]: 	at org.bukkit.command.SimpleCommandMap.dispatch(SimpleCommandMap.java:165)
[15:39:39] [Server thread/WARN]: 	at org.bukkit.craftbukkit.CraftServer.dispatchCommand(CraftServer.java:1000)
[15:39:39] [Server thread/WARN]: 	at org.bukkit.craftbukkit.CraftServer.dispatchServerCommand(CraftServer.java:985)
[15:39:39] [Server thread/WARN]: 	at net.minecraft.server.dedicated.DedicatedServer.handleConsoleInputs(DedicatedServer.java:526)
[15:39:39] [Server thread/WARN]: 	at net.minecraft.server.dedicated.DedicatedServer.tickChildren(DedicatedServer.java:474)
[15:39:39] [Server thread/WARN]: 	at net.minecraft.server.MinecraftServer.tickServer(MinecraftServer.java:1596)
[15:39:39] [Server thread/WARN]: 	at net.minecraft.server.MinecraftServer.runServer(MinecraftServer.java:1302)
[15:39:39] [Server thread/WARN]: 	at net.minecraft.server.MinecraftServer.lambda$spin$0(MinecraftServer.java:329)
[15:39:39] [Server thread/WARN]: 	at java.base/java.lang.Thread.run(Thread.java:1583)
[15:39:39] [Server thread/INFO]: Stopping server
[15:39:39] [Server thread/INFO]: [PauseGame] Disabling PauseGame v3.1.2
[15:39:39] [Server thread/INFO]: [Multiverse-Core] Disabling Multiverse-Core v4.3.13
[15:39:39] [Server thread/INFO]: [Terra] Disabling Terra v6.5.0-BETA+b7326c0ff
[15:39:39] [Server thread/INFO]: [FacilisCommon] Disabling FacilisCommon v1.0.6-SNAPSHOT
[15:39:39] [Server thread/INFO]: [Vanish] Disabling Vanish v0.1
[15:39:39] [Server thread/INFO]: [PlayerCrasher] Disabling PlayerCrasher v3.0.1
[15:39:39] [Server thread/INFO]: [GrimAC] Disabling GrimAC v2.3.67
[15:39:39] [Server thread/INFO]: [GrimAC] Terminating PacketEvents...
[15:39:39] [Server thread/INFO]: [ChunkyBorder] Disabling ChunkyBorder v1.2.13
[15:39:39] [Server thread/INFO]: [Kryptonite] Disabling Kryptonite v1.4.0
[15:39:39] [Server thread/INFO]: [EssentialsSpawn] Disabling EssentialsSpawn v2.20.1
[15:39:39] [Server thread/INFO]: [RankSystem] Disabling RankSystem v1.3
[15:39:39] [Server thread/INFO]: [WorldGuard] Disabling WorldGuard v7.0.12+829a4a4
[15:39:39] [Server thread/INFO]: [WorldGuard] Shutting down executor and cancelling any pending tasks...
[15:39:39] [Server thread/INFO]: [InvSee++] Disabling InvSeePlusPlus v0.29.4
[15:39:39] [Server thread/INFO]: [OpenSit] Disabling OpenSit v1.0.4
[15:39:39] [Server thread/INFO]: [packetevents] Disabling packetevents v2.5.0
[15:39:39] [Server thread/INFO]: [Chunky] Disabling Chunky v1.4.10
[15:39:39] [Server thread/INFO]: [Essentials] Disabling Essentials v2.20.1
[15:39:39] [Server thread/INFO]: [WorldEdit] Disabling WorldEdit v7.3.6+6892-3d660b8
[15:39:39] [Server thread/INFO]: Unregistering com.sk89q.worldedit.bukkit.BukkitServerInterface from WorldEdit
[15:39:39] [Server thread/INFO]: [TabTPS] Disabling TabTPS v1.3.25
[15:39:39] [Server thread/INFO]: [LuckPerms] Disabling LuckPerms v5.4.141
[15:39:39] [Server thread/INFO]: [LuckPerms] Starting shutdown process...
[15:39:39] [Server thread/INFO]: [LuckPerms] Closing storage...
[15:39:39] [Server thread/INFO]: [LuckPerms] Goodbye!
[15:39:39] [Server thread/INFO]: Saving players
[15:39:39] [Server thread/INFO]: Saving worlds
[15:39:39] [Server thread/INFO]: Saving chunks for level 'ServerLevel[world]'/minecraft:overworld
[15:39:39] [Server thread/INFO]: [ChunkHolderManager] Waiting 60s for chunk system to halt for world 'world'
[15:39:39] [Server thread/INFO]: [ChunkHolderManager] Halted chunk system for world 'world'
[15:39:39] [Server thread/INFO]: [ChunkHolderManager] Saving all chunkholders for world 'world'
[15:39:40] [Server thread/INFO]: [ChunkHolderManager] Saved 49 block chunks, 49 entity chunks, 0 poi chunks in world 'world' in 0.45s
[15:39:40] [Server thread/INFO]: Saving chunks for level 'ServerLevel[world_nether]'/minecraft:the_nether
[15:39:40] [Server thread/INFO]: [ChunkHolderManager] Waiting 60s for chunk system to halt for world 'world_nether'
[15:39:40] [Server thread/INFO]: [ChunkHolderManager] Halted chunk system for world 'world_nether'
[15:39:40] [Server thread/INFO]: [ChunkHolderManager] Saving all chunkholders for world 'world_nether'
[15:39:40] [Server thread/INFO]: [ChunkHolderManager] Saved 49 block chunks, 49 entity chunks, 0 poi chunks in world 'world_nether' in 0.22s
[15:39:40] [Server thread/INFO]: Saving chunks for level 'ServerLevel[world_the_end]'/minecraft:the_end
[15:39:40] [Server thread/INFO]: [ChunkHolderManager] Waiting 60s for chunk system to halt for world 'world_the_end'
[15:39:40] [Server thread/INFO]: [ChunkHolderManager] Halted chunk system for world 'world_the_end'
[15:39:40] [Server thread/INFO]: [ChunkHolderManager] Saving all chunkholders for world 'world_the_end'
[15:39:40] [Server thread/INFO]: [ChunkHolderManager] Saved 49 block chunks, 49 entity chunks, 0 poi chunks in world 'world_the_end' in 0.15s
[15:39:40] [Server thread/INFO]: ThreadedAnvilChunkStorage (world): All chunks are saved
[15:39:40] [Server thread/INFO]: ThreadedAnvilChunkStorage (DIM-1): All chunks are saved
[15:39:40] [Server thread/INFO]: ThreadedAnvilChunkStorage (DIM1): All chunks are saved
[15:39:40] [Server thread/INFO]: ThreadedAnvilChunkStorage: All dimensions are saved
[15:39:40] [Thread-0/WARN]: java.lang.Throwable: Server stopped
[15:39:40] [Thread-0/WARN]: 	at io.papermc.paper.util.TraceUtil.dumpTraceForThread(TraceUtil.java:16)
[15:39:40] [Thread-0/WARN]: 	at net.minecraft.server.MinecraftServer.safeShutdown(MinecraftServer.java:1140)
[15:39:40] [Thread-0/WARN]: 	at org.bukkit.craftbukkit.util.ServerShutdownThread.run(ServerShutdownThread.java:16)
