[2024-10-02 16:42:23] [INFORMATION]:
Spectator UUID: 98400640-6060-4686-ab08-cb6099d34e71
Spectator Name: M4tick
Taken         : [DIAMOND x 1, RAW_IRON x 10, IRON_CHESTPLATE x 1, FLINT_AND_STEEL x 1, OAK_PLANKS x 41, SADDLE x 1, COAL x 17, GREEN_BED x 1, GOLDEN_CHESTPLATE & ARMOR_META:{meta-type=ARMOR, enchants={minecraft:protection=3}, Damage=101} x 1, OBSIDIAN x 2, IRON_HORSE_ARMOR x 1, IRON_AXE & UNSPECIFIC_META:{meta-type=UNSPECIFIC, Damage=236} x 1, BOW & UNSPECIFIC_META:{meta-type=UNSPECIFIC, Damage=102} x 1, GOLDEN_PICKAXE & UNSPECIFIC_META:{meta-type=UNSPECIFIC, enchants={minecraft:unbreaking=3}} x 1, CYAN_BED x 1, GOLD_INGOT x 9, IRON_PICKAXE & UNSPECIFIC_META:{meta-type=UNSPECIFIC, Damage=90} x 1, STICK x 40, REDSTONE x 104, CRIMSON_PLANKS x 8, SHIELD & SHIELD_META:{meta-type=SHIELD, Damage=131} x 1, GUNPOWDER x 6, GOLDEN_CARROT x 4, STONE_PICKAXE & UNSPECIFIC_META:{meta-type=UNSPECIFIC, Damage=83} x 1, LAPIS_LAZULI x 5, FURNACE x 1, IRON_INGOT x 13]
Given         : []
Target        : Moaom1
[2024-10-02 16:42:23] [INFORMATION]:
Spectator UUID: 98400640-6060-4686-ab08-cb6099d34e71
Spectator Name: M4tick
Taken         : [DIAMOND x 1, RAW_IRON x 10, IRON_CHESTPLATE x 1, FLINT_AND_STEEL x 1, OAK_PLANKS x 41, SADDLE x 1, COAL x 17, GREEN_BED x 1, GOLDEN_CHESTPLATE & ARMOR_META:{meta-type=ARMOR, enchants={minecraft:protection=3}, Damage=101} x 1, OBSIDIAN x 2, IRON_HORSE_ARMOR x 1, IRON_AXE & UNSPECIFIC_META:{meta-type=UNSPECIFIC, Damage=236} x 1, BOW & UNSPECIFIC_META:{meta-type=UNSPECIFIC, Damage=102} x 1, GOLDEN_PICKAXE & UNSPECIFIC_META:{meta-type=UNSPECIFIC, enchants={minecraft:unbreaking=3}} x 1, CYAN_BED x 1, GOLD_INGOT x 9, IRON_PICKAXE & UNSPECIFIC_META:{meta-type=UNSPECIFIC, Damage=90} x 1, STICK x 40, REDSTONE x 104, CRIMSON_PLANKS x 8, SHIELD & SHIELD_META:{meta-type=SHIELD, Damage=131} x 1, GUNPOWDER x 6, GOLDEN_CARROT x 4, STONE_PICKAXE & UNSPECIFIC_META:{meta-type=UNSPECIFIC, Damage=83} x 1, LAPIS_LAZULI x 5, FURNACE x 1, IRON_INGOT x 13]
Given         : []
Target        : Moaom1
[2024-10-02 16:42:23] [INFORMATION]:
Spectator UUID: 98400640-6060-4686-ab08-cb6099d34e71
Spectator Name: M4tick
Taken         : [DIAMOND x 1, RAW_IRON x 10, IRON_CHESTPLATE x 1, FLINT_AND_STEEL x 1, OAK_PLANKS x 41, SADDLE x 1, COAL x 17, GREEN_BED x 1, GOLDEN_CHESTPLATE & ARMOR_META:{meta-type=ARMOR, enchants={minecraft:protection=3}, Damage=101} x 1, OBSIDIAN x 2, IRON_HORSE_ARMOR x 1, IRON_AXE & UNSPECIFIC_META:{meta-type=UNSPECIFIC, Damage=236} x 1, BOW & UNSPECIFIC_META:{meta-type=UNSPECIFIC, Damage=102} x 1, GOLDEN_PICKAXE & UNSPECIFIC_META:{meta-type=UNSPECIFIC, enchants={minecraft:unbreaking=3}} x 1, CYAN_BED x 1, GOLD_INGOT x 9, IRON_PICKAXE & UNSPECIFIC_META:{meta-type=UNSPECIFIC, Damage=90} x 1, STICK x 40, REDSTONE x 104, CRIMSON_PLANKS x 8, SHIELD & SHIELD_META:{meta-type=SHIELD, Damage=131} x 1, GUNPOWDER x 6, GOLDEN_CARROT x 4, STONE_PICKAXE & UNSPECIFIC_META:{meta-type=UNSPECIFIC, Damage=83} x 1, LAPIS_LAZULI x 5, FURNACE x 1, IRON_INGOT x 13]
Given         : []
Target        : Moaom1
[2024-10-02 16:42:23] [INFORMATION]:
Spectator UUID: 98400640-6060-4686-ab08-cb6099d34e71
Spectator Name: M4tick
Taken         : [DIAMOND x 1, RAW_IRON x 10, IRON_CHESTPLATE x 1, FLINT_AND_STEEL x 1, OAK_PLANKS x 41, SADDLE x 1, COAL x 17, GREEN_BED x 1, GOLDEN_CHESTPLATE & ARMOR_META:{meta-type=ARMOR, enchants={minecraft:protection=3}, Damage=101} x 1, OBSIDIAN x 2, IRON_HORSE_ARMOR x 1, IRON_AXE & UNSPECIFIC_META:{meta-type=UNSPECIFIC, Damage=236} x 1, BOW & UNSPECIFIC_META:{meta-type=UNSPECIFIC, Damage=102} x 1, GOLDEN_PICKAXE & UNSPECIFIC_META:{meta-type=UNSPECIFIC, enchants={minecraft:unbreaking=3}} x 1, CYAN_BED x 1, GOLD_INGOT x 9, IRON_PICKAXE & UNSPECIFIC_META:{meta-type=UNSPECIFIC, Damage=90} x 1, STICK x 40, REDSTONE x 104, CRIMSON_PLANKS x 8, SHIELD & SHIELD_META:{meta-type=SHIELD, Damage=131} x 1, GUNPOWDER x 6, GOLDEN_CARROT x 4, STONE_PICKAXE & UNSPECIFIC_META:{meta-type=UNSPECIFIC, Damage=83} x 1, LAPIS_LAZULI x 5, FURNACE x 1, IRON_INGOT x 13]
Given         : []
Target        : Moaom1
[2024-10-02 16:43:06] [INFORMATION]:
Spectator UUID: 98400640-6060-4686-ab08-cb6099d34e71
Spectator Name: M4tick
Taken         : []
Given         : [OAK_PLANKS x 41, GREEN_BED x 1, STICK x 40, REDSTONE x 104, GOLDEN_CARROT x 4, CYAN_BED x 1, FURNACE x 1, RAW_IRON x 10, IRON_AXE & UNSPECIFIC_META:{meta-type=UNSPECIFIC, Damage=236} x 1, SADDLE x 1, BOW & UNSPECIFIC_META:{meta-type=UNSPECIFIC, Damage=102} x 1, IRON_HORSE_ARMOR x 1, OBSIDIAN x 2, GUNPOWDER x 6, COAL x 17, GOLD_INGOT x 9, GOLDEN_PICKAXE & UNSPECIFIC_META:{meta-type=UNSPECIFIC, enchants={minecraft:unbreaking=3}} x 1, IRON_CHESTPLATE x 1, STONE_PICKAXE & UNSPECIFIC_META:{meta-type=UNSPECIFIC, Damage=83} x 1, LAPIS_LAZULI x 5, IRON_INGOT x 13, DIAMOND x 1, FLINT_AND_STEEL x 1, GOLDEN_CHESTPLATE & ARMOR_META:{meta-type=ARMOR, enchants={minecraft:protection=3}, Damage=101} x 1, IRON_PICKAXE & UNSPECIFIC_META:{meta-type=UNSPECIFIC, Damage=90} x 1, CRIMSON_PLANKS x 8, SHIELD & SHIELD_META:{meta-type=SHIELD, Damage=131} x 1]
Target        : Moaom1
[2024-10-02 16:43:06] [INFORMATION]:
Spectator UUID: 98400640-6060-4686-ab08-cb6099d34e71
Spectator Name: M4tick
Taken         : []
Given         : [OAK_PLANKS x 41, GREEN_BED x 1, STICK x 40, REDSTONE x 104, GOLDEN_CARROT x 4, CYAN_BED x 1, FURNACE x 1, RAW_IRON x 10, IRON_AXE & UNSPECIFIC_META:{meta-type=UNSPECIFIC, Damage=236} x 1, SADDLE x 1, BOW & UNSPECIFIC_META:{meta-type=UNSPECIFIC, Damage=102} x 1, IRON_HORSE_ARMOR x 1, OBSIDIAN x 2, GUNPOWDER x 6, COAL x 17, GOLD_INGOT x 9, GOLDEN_PICKAXE & UNSPECIFIC_META:{meta-type=UNSPECIFIC, enchants={minecraft:unbreaking=3}} x 1, IRON_CHESTPLATE x 1, STONE_PICKAXE & UNSPECIFIC_META:{meta-type=UNSPECIFIC, Damage=83} x 1, LAPIS_LAZULI x 5, IRON_INGOT x 13, DIAMOND x 1, FLINT_AND_STEEL x 1, GOLDEN_CHESTPLATE & ARMOR_META:{meta-type=ARMOR, enchants={minecraft:protection=3}, Damage=101} x 1, IRON_PICKAXE & UNSPECIFIC_META:{meta-type=UNSPECIFIC, Damage=90} x 1, CRIMSON_PLANKS x 8, SHIELD & SHIELD_META:{meta-type=SHIELD, Damage=131} x 1]
Target        : Moaom1
[2024-10-02 16:43:06] [INFORMATION]:
Spectator UUID: 98400640-6060-4686-ab08-cb6099d34e71
Spectator Name: M4tick
Taken         : []
Given         : [OAK_PLANKS x 41, GREEN_BED x 1, STICK x 40, REDSTONE x 104, GOLDEN_CARROT x 4, CYAN_BED x 1, FURNACE x 1, RAW_IRON x 10, IRON_AXE & UNSPECIFIC_META:{meta-type=UNSPECIFIC, Damage=236} x 1, SADDLE x 1, BOW & UNSPECIFIC_META:{meta-type=UNSPECIFIC, Damage=102} x 1, IRON_HORSE_ARMOR x 1, OBSIDIAN x 2, GUNPOWDER x 6, COAL x 17, GOLD_INGOT x 9, GOLDEN_PICKAXE & UNSPECIFIC_META:{meta-type=UNSPECIFIC, enchants={minecraft:unbreaking=3}} x 1, IRON_CHESTPLATE x 1, STONE_PICKAXE & UNSPECIFIC_META:{meta-type=UNSPECIFIC, Damage=83} x 1, LAPIS_LAZULI x 5, IRON_INGOT x 13, DIAMOND x 1, FLINT_AND_STEEL x 1, GOLDEN_CHESTPLATE & ARMOR_META:{meta-type=ARMOR, enchants={minecraft:protection=3}, Damage=101} x 1, IRON_PICKAXE & UNSPECIFIC_META:{meta-type=UNSPECIFIC, Damage=90} x 1, CRIMSON_PLANKS x 8, SHIELD & SHIELD_META:{meta-type=SHIELD, Damage=131} x 1]
Target        : Moaom1
[2024-10-02 16:43:06] [INFORMATION]:
Spectator UUID: 98400640-6060-4686-ab08-cb6099d34e71
Spectator Name: M4tick
Taken         : []
Given         : [OAK_PLANKS x 41, GREEN_BED x 1, STICK x 40, REDSTONE x 104, GOLDEN_CARROT x 4, CYAN_BED x 1, FURNACE x 1, RAW_IRON x 10, IRON_AXE & UNSPECIFIC_META:{meta-type=UNSPECIFIC, Damage=236} x 1, SADDLE x 1, BOW & UNSPECIFIC_META:{meta-type=UNSPECIFIC, Damage=102} x 1, IRON_HORSE_ARMOR x 1, OBSIDIAN x 2, GUNPOWDER x 6, COAL x 17, GOLD_INGOT x 9, GOLDEN_PICKAXE & UNSPECIFIC_META:{meta-type=UNSPECIFIC, enchants={minecraft:unbreaking=3}} x 1, IRON_CHESTPLATE x 1, STONE_PICKAXE & UNSPECIFIC_META:{meta-type=UNSPECIFIC, Damage=83} x 1, LAPIS_LAZULI x 5, IRON_INGOT x 13, DIAMOND x 1, FLINT_AND_STEEL x 1, GOLDEN_CHESTPLATE & ARMOR_META:{meta-type=ARMOR, enchants={minecraft:protection=3}, Damage=101} x 1, IRON_PICKAXE & UNSPECIFIC_META:{meta-type=UNSPECIFIC, Damage=90} x 1, CRIMSON_PLANKS x 8, SHIELD & SHIELD_META:{meta-type=SHIELD, Damage=131} x 1]
Target        : Moaom1
[2024-10-02 16:43:06] [INFORMATION]:
Spectator UUID: 98400640-6060-4686-ab08-cb6099d34e71
Spectator Name: M4tick
Taken         : []
Given         : [OAK_PLANKS x 41, GREEN_BED x 1, STICK x 40, REDSTONE x 104, GOLDEN_CARROT x 4, CYAN_BED x 1, FURNACE x 1, RAW_IRON x 10, IRON_AXE & UNSPECIFIC_META:{meta-type=UNSPECIFIC, Damage=236} x 1, SADDLE x 1, BOW & UNSPECIFIC_META:{meta-type=UNSPECIFIC, Damage=102} x 1, IRON_HORSE_ARMOR x 1, OBSIDIAN x 2, GUNPOWDER x 6, COAL x 17, GOLD_INGOT x 9, GOLDEN_PICKAXE & UNSPECIFIC_META:{meta-type=UNSPECIFIC, enchants={minecraft:unbreaking=3}} x 1, IRON_CHESTPLATE x 1, STONE_PICKAXE & UNSPECIFIC_META:{meta-type=UNSPECIFIC, Damage=83} x 1, LAPIS_LAZULI x 5, IRON_INGOT x 13, DIAMOND x 1, FLINT_AND_STEEL x 1, GOLDEN_CHESTPLATE & ARMOR_META:{meta-type=ARMOR, enchants={minecraft:protection=3}, Damage=101} x 1, IRON_PICKAXE & UNSPECIFIC_META:{meta-type=UNSPECIFIC, Damage=90} x 1, CRIMSON_PLANKS x 8, SHIELD & SHIELD_META:{meta-type=SHIELD, Damage=131} x 1]
Target        : Moaom1
